<?xml version="1.0" encoding="UTF-8"?>
<!-- Generated by org.testng.reporters.JUnitReportReporter -->
<testsuite hostname="DESKTOP-3DARDA3" failures="0" tests="1" name="testPackage.InvalidLoginTestCase" time="34.680" errors="0" timestamp="2023-06-03T20:21:21 IST" skipped="0">
  <testcase classname="testPackage.InvalidLoginTestCase" name="inavlidLogin" time="34.680"/>
  <system-out/>
</testsuite> <!-- testPackage.InvalidLoginTestCase -->
